<?xml version="1.0" encoding="UTF-8"?>
<!-- Generated by org.testng.reporters.JUnitXMLReporter -->
<testsuite hostname="INWS03011-02" ignored="0" name="Test" tests="3" failures="1" timestamp="2021-07-16T21:25:09 IST" time="51.558" errors="0">
  <testcase name="loginLogoutTest1" time="9.866" classname="com.ohrm.qa.testcases.OrangeHRMTestDataProviderExcel"/>
  <testcase name="loginLogoutTest2" time="14.795" classname="com.ohrm.qa.testcases.OrangeHRMTestDataProviderExcel">
    <failure type="org.openqa.selenium.TimeoutException" message="Expected condition failed: waiting for element to be clickable: By.xpath: //a[text()=&amp;apos;Logout&amp;apos;] (tried for 10 second(s) with 500 milliseconds interval)
Build info: version: &amp;apos;3.141.59&amp;apos;, revision: &amp;apos;e82be7d358&amp;apos;, time: &amp;apos;2018-11-14T08:17:03&amp;apos;
System info: host: &amp;apos;INWS03011-02&amp;apos;, ip: &amp;apos;10.37.64.169&amp;apos;, os.name: &amp;apos;Windows 10&amp;apos;, os.arch: &amp;apos;amd64&amp;apos;, os.version: &amp;apos;10.0&amp;apos;, java.version: &amp;apos;1.8.0_251&amp;apos;
Driver info: org.openqa.selenium.remote.RemoteWebDriver
Capabilities {acceptInsecureCerts: false, browserName: firefox, browserVersion: 89.0, javascriptEnabled: true, moz:accessibilityChecks: false, moz:buildID: 20210527174632, moz:geckodriverVersion: 0.29.0, moz:headless: false, moz:processID: 131, moz:profile: /tmp/rust_mozprofilebhNIaf, moz:shutdownTimeout: 60000, moz:useNonSpecCompliantPointerOrigin: false, moz:webdriverClick: true, pageLoadStrategy: normal, platform: LINUX, platformName: LINUX, platformVersion: 5.4.72-microsoft-standard-WSL2, setWindowRect: true, strictFileInteractability: false, timeouts: {implicit: 0, pageLoad: 300000, script: 30000}, unhandledPromptBehavior: dismiss and notify, webdriver.remote.sessionid: 61ec29b1-a0d3-4250-a21a-bbd...}
Session ID: 61ec29b1-a0d3-4250-a21a-bbd108df76de">
      <![CDATA[org.openqa.selenium.TimeoutException: Expected condition failed: waiting for element to be clickable: By.xpath: //a[text()='Logout'] (tried for 10 second(s) with 500 milliseconds interval)
Build info: version: '3.141.59', revision: 'e82be7d358', time: '2018-11-14T08:17:03'
System info: host: 'INWS03011-02', ip: '10.37.64.169', os.name: 'Windows 10', os.arch: 'amd64', os.version: '10.0', java.version: '1.8.0_251'
Driver info: org.openqa.selenium.remote.RemoteWebDriver
Capabilities {acceptInsecureCerts: false, browserName: firefox, browserVersion: 89.0, javascriptEnabled: true, moz:accessibilityChecks: false, moz:buildID: 20210527174632, moz:geckodriverVersion: 0.29.0, moz:headless: false, moz:processID: 131, moz:profile: /tmp/rust_mozprofilebhNIaf, moz:shutdownTimeout: 60000, moz:useNonSpecCompliantPointerOrigin: false, moz:webdriverClick: true, pageLoadStrategy: normal, platform: LINUX, platformName: LINUX, platformVersion: 5.4.72-microsoft-standard-WSL2, setWindowRect: true, strictFileInteractability: false, timeouts: {implicit: 0, pageLoad: 300000, script: 30000}, unhandledPromptBehavior: dismiss and notify, webdriver.remote.sessionid: 61ec29b1-a0d3-4250-a21a-bbd...}
Session ID: 61ec29b1-a0d3-4250-a21a-bbd108df76de
at org.openqa.selenium.support.ui.WebDriverWait.timeoutException(WebDriverWait.java:95)
at org.openqa.selenium.support.ui.FluentWait.until(FluentWait.java:272)
at com.ohrm.qa.factories.ExplicitWaitFactory.performExplictWait(ExplicitWaitFactory.java:19)
at com.ohrm.qa.pages.BasePage.click(BasePage.java:14)
at com.ohrm.qa.pages.HomePage.clickLogout(HomePage.java:18)
at com.ohrm.qa.testcases.OrangeHRMTestDataProviderExcel.loginLogoutTest2(OrangeHRMTestDataProviderExcel.java:30)
at java.util.concurrent.ThreadPoolExecutor.runWorker(Unknown Source)
at java.util.concurrent.ThreadPoolExecutor$Worker.run(Unknown Source)
at java.lang.Thread.run(Unknown Source)
... Removed 12 stack frames]]>
    </failure>
  </testcase> <!-- loginLogoutTest2 -->
  <testcase name="loginLogoutTest1" time="10.569" classname="com.ohrm.qa.testcases.OrangeHRMTestDataProviderExcel"/>
</testsuite> <!-- Test -->
