<?xml version="1.0" encoding="UTF-8"?>
<testng-results skipped="0" failed="1" ignored="0" total="3" passed="2">
  <reporter-output>
  </reporter-output>
  <suite name="OrangeHRM Suite" duration-ms="51558" started-at="2021-07-16T21:24:18 IST" finished-at="2021-07-16T21:25:09 IST">
    <groups>
    </groups>
    <test name="Test" duration-ms="51558" started-at="2021-07-16T21:24:18 IST" finished-at="2021-07-16T21:25:09 IST">
      <class name="com.ohrm.qa.testcases.OrangeHRMTestDataProviderExcel">
        <test-method status="PASS" signature="setUp([Ljava.lang.Object;)[pri:0, instance:com.ohrm.qa.testcases.OrangeHRMTestDataProviderExcel@4e7dc304]" name="setUp" is-config="true" duration-ms="18973" started-at="2021-07-16T21:24:18 IST" finished-at="2021-07-16T21:24:37 IST">
          <params>
            <param index="0">
              <value>
                <![CDATA[[Ljava.lang.Object;@64b73e7a]]>
              </value>
            </param>
          </params>
          <reporter-output>
          </reporter-output>
        </test-method> <!-- setUp -->
        <test-method status="PASS" signature="setUp([Ljava.lang.Object;)[pri:0, instance:com.ohrm.qa.testcases.OrangeHRMTestDataProviderExcel@4e7dc304]" name="setUp" is-config="true" duration-ms="17965" started-at="2021-07-16T21:24:18 IST" finished-at="2021-07-16T21:24:36 IST">
          <params>
            <param index="0">
              <value>
                <![CDATA[[Ljava.lang.Object;@530712d]]>
              </value>
            </param>
          </params>
          <reporter-output>
          </reporter-output>
        </test-method> <!-- setUp -->
        <test-method status="FAIL" signature="loginLogoutTest2(java.util.Map)[pri:0, instance:com.ohrm.qa.testcases.OrangeHRMTestDataProviderExcel@4e7dc304]" name="loginLogoutTest2" duration-ms="14795" started-at="2021-07-16T21:24:36 IST" description="To check whether this test is executed succcessfully" finished-at="2021-07-16T21:24:51 IST">
          <params>
            <param index="0">
              <value>
                <![CDATA[{password=YWRtaW4xMjM=, testname=loginLogoutTest2, execute=yes, browser=firefox, username=Admin}]]>
              </value>
            </param>
          </params>
          <exception class="org.openqa.selenium.TimeoutException">
            <message>
              <![CDATA[Expected condition failed: waiting for element to be clickable: By.xpath: //a[text()='Logout'] (tried for 10 second(s) with 500 milliseconds interval)
Build info: version: '3.141.59', revision: 'e82be7d358', time: '2018-11-14T08:17:03'
System info: host: 'INWS03011-02', ip: '10.37.64.169', os.name: 'Windows 10', os.arch: 'amd64', os.version: '10.0', java.version: '1.8.0_251'
Driver info: org.openqa.selenium.remote.RemoteWebDriver
Capabilities {acceptInsecureCerts: false, browserName: firefox, browserVersion: 89.0, javascriptEnabled: true, moz:accessibilityChecks: false, moz:buildID: 20210527174632, moz:geckodriverVersion: 0.29.0, moz:headless: false, moz:processID: 131, moz:profile: /tmp/rust_mozprofilebhNIaf, moz:shutdownTimeout: 60000, moz:useNonSpecCompliantPointerOrigin: false, moz:webdriverClick: true, pageLoadStrategy: normal, platform: LINUX, platformName: LINUX, platformVersion: 5.4.72-microsoft-standard-WSL2, setWindowRect: true, strictFileInteractability: false, timeouts: {implicit: 0, pageLoad: 300000, script: 30000}, unhandledPromptBehavior: dismiss and notify, webdriver.remote.sessionid: 61ec29b1-a0d3-4250-a21a-bbd...}
Session ID: 61ec29b1-a0d3-4250-a21a-bbd108df76de]]>
            </message>
            <full-stacktrace>
              <![CDATA[org.openqa.selenium.TimeoutException: Expected condition failed: waiting for element to be clickable: By.xpath: //a[text()='Logout'] (tried for 10 second(s) with 500 milliseconds interval)
Build info: version: '3.141.59', revision: 'e82be7d358', time: '2018-11-14T08:17:03'
System info: host: 'INWS03011-02', ip: '10.37.64.169', os.name: 'Windows 10', os.arch: 'amd64', os.version: '10.0', java.version: '1.8.0_251'
Driver info: org.openqa.selenium.remote.RemoteWebDriver
Capabilities {acceptInsecureCerts: false, browserName: firefox, browserVersion: 89.0, javascriptEnabled: true, moz:accessibilityChecks: false, moz:buildID: 20210527174632, moz:geckodriverVersion: 0.29.0, moz:headless: false, moz:processID: 131, moz:profile: /tmp/rust_mozprofilebhNIaf, moz:shutdownTimeout: 60000, moz:useNonSpecCompliantPointerOrigin: false, moz:webdriverClick: true, pageLoadStrategy: normal, platform: LINUX, platformName: LINUX, platformVersion: 5.4.72-microsoft-standard-WSL2, setWindowRect: true, strictFileInteractability: false, timeouts: {implicit: 0, pageLoad: 300000, script: 30000}, unhandledPromptBehavior: dismiss and notify, webdriver.remote.sessionid: 61ec29b1-a0d3-4250-a21a-bbd...}
Session ID: 61ec29b1-a0d3-4250-a21a-bbd108df76de
at org.openqa.selenium.support.ui.WebDriverWait.timeoutException(WebDriverWait.java:95)
at org.openqa.selenium.support.ui.FluentWait.until(FluentWait.java:272)
at com.ohrm.qa.factories.ExplicitWaitFactory.performExplictWait(ExplicitWaitFactory.java:19)
at com.ohrm.qa.pages.BasePage.click(BasePage.java:14)
at com.ohrm.qa.pages.HomePage.clickLogout(HomePage.java:18)
at com.ohrm.qa.testcases.OrangeHRMTestDataProviderExcel.loginLogoutTest2(OrangeHRMTestDataProviderExcel.java:30)
at sun.reflect.NativeMethodAccessorImpl.invoke0(Native Method)
at sun.reflect.NativeMethodAccessorImpl.invoke(Unknown Source)
at sun.reflect.DelegatingMethodAccessorImpl.invoke(Unknown Source)
at java.lang.reflect.Method.invoke(Unknown Source)
at org.testng.internal.MethodInvocationHelper.invokeMethod(MethodInvocationHelper.java:133)
at org.testng.internal.TestInvoker.invokeMethod(TestInvoker.java:584)
at org.testng.internal.TestInvoker.invokeTestMethod(TestInvoker.java:172)
at org.testng.internal.MethodRunner.runInSequence(MethodRunner.java:46)
at org.testng.internal.TestInvoker$MethodInvocationAgent.invoke(TestInvoker.java:804)
at org.testng.internal.TestInvoker.invokeTestMethods(TestInvoker.java:145)
at org.testng.internal.TestMethodWorker.invokeTestMethods(TestMethodWorker.java:146)
at org.testng.internal.TestMethodWorker.run(TestMethodWorker.java:128)
at java.util.concurrent.ThreadPoolExecutor.runWorker(Unknown Source)
at java.util.concurrent.ThreadPoolExecutor$Worker.run(Unknown Source)
at java.lang.Thread.run(Unknown Source)
]]>
            </full-stacktrace>
          </exception> <!-- org.openqa.selenium.TimeoutException -->
          <reporter-output>
          </reporter-output>
        </test-method> <!-- loginLogoutTest2 -->
        <test-method status="PASS" signature="loginLogoutTest1(java.util.Map)[pri:0, instance:com.ohrm.qa.testcases.OrangeHRMTestDataProviderExcel@4e7dc304]" name="loginLogoutTest1" duration-ms="9866" started-at="2021-07-16T21:24:37 IST" description="To check whether the user can successfully login and logout" finished-at="2021-07-16T21:24:47 IST">
          <params>
            <param index="0">
              <value>
                <![CDATA[{password=YWRtaW4xMjM=, testname=loginLogoutTest1, execute=yes, browser=chrome, username=Admin}]]>
              </value>
            </param>
          </params>
          <reporter-output>
          </reporter-output>
        </test-method> <!-- loginLogoutTest1 -->
        <test-method status="PASS" signature="tearDown()[pri:0, instance:com.ohrm.qa.testcases.OrangeHRMTestDataProviderExcel@4e7dc304]" name="tearDown" is-config="true" duration-ms="63" started-at="2021-07-16T21:24:47 IST" finished-at="2021-07-16T21:24:47 IST">
          <reporter-output>
          </reporter-output>
        </test-method> <!-- tearDown -->
        <test-method status="PASS" signature="setUp([Ljava.lang.Object;)[pri:0, instance:com.ohrm.qa.testcases.OrangeHRMTestDataProviderExcel@4e7dc304]" name="setUp" is-config="true" duration-ms="11197" started-at="2021-07-16T21:24:47 IST" finished-at="2021-07-16T21:24:59 IST">
          <params>
            <param index="0">
              <value>
                <![CDATA[[Ljava.lang.Object;@2df6226d]]>
              </value>
            </param>
          </params>
          <reporter-output>
          </reporter-output>
        </test-method> <!-- setUp -->
        <test-method status="PASS" signature="tearDown()[pri:0, instance:com.ohrm.qa.testcases.OrangeHRMTestDataProviderExcel@4e7dc304]" name="tearDown" is-config="true" duration-ms="517" started-at="2021-07-16T21:24:51 IST" finished-at="2021-07-16T21:24:52 IST">
          <reporter-output>
          </reporter-output>
        </test-method> <!-- tearDown -->
        <test-method status="PASS" signature="loginLogoutTest1(java.util.Map)[pri:0, instance:com.ohrm.qa.testcases.OrangeHRMTestDataProviderExcel@4e7dc304]" name="loginLogoutTest1" duration-ms="10569" started-at="2021-07-16T21:24:59 IST" description="To check whether the user can successfully login and logout" finished-at="2021-07-16T21:25:09 IST">
          <params>
            <param index="0">
              <value>
                <![CDATA[{password=YWRtaW4xMjM=, testname=loginLogoutTest1, execute=yes, browser=chrome, username=Admin}]]>
              </value>
            </param>
          </params>
          <reporter-output>
          </reporter-output>
        </test-method> <!-- loginLogoutTest1 -->
        <test-method status="PASS" signature="tearDown()[pri:0, instance:com.ohrm.qa.testcases.OrangeHRMTestDataProviderExcel@4e7dc304]" name="tearDown" is-config="true" duration-ms="61" started-at="2021-07-16T21:25:09 IST" finished-at="2021-07-16T21:25:09 IST">
          <reporter-output>
          </reporter-output>
        </test-method> <!-- tearDown -->
      </class> <!-- com.ohrm.qa.testcases.OrangeHRMTestDataProviderExcel -->
    </test> <!-- Test -->
  </suite> <!-- OrangeHRM Suite -->
</testng-results>
